JobId=45035251 JobName=tm_5
   UserId=lellaom(6188124) GroupId=adv(2490) MCS_label=N/A
   Priority=21909 Nice=0 Account=general QOS=lellaom
   JobState=RUNNING Reason=None Dependency=(null)
   Requeue=1 Restarts=0 BatchFlag=1 Reboot=0 ExitCode=0:0
   RunTime=01:21:54 TimeLimit=01:30:00 TimeMin=N/A
   SubmitTime=2024-10-20T21:27:03 EligibleTime=2024-10-20T21:27:03
   AccrueTime=2024-10-20T21:27:03
   StartTime=2024-10-20T21:27:07 EndTime=2024-10-20T22:57:07 Deadline=N/A
   SuspendTime=None SecsPreSuspend=0 LastSchedEval=2024-10-20T21:27:07 Scheduler=Main
   Partition=general-short AllocNode:Sid=dev-amd20-v100:2075223
   ReqNodeList=(null) ExcNodeList=(null)
   NodeList=nvl-001
   BatchHost=nvl-001
   NumNodes=1 NumCPUs=1 NumTasks=1 CPUs/Task=1 ReqB:S:C:T=0:0:*:*
   ReqTRES=cpu=1,mem=64G,node=1,billing=9961,gres/gpu=1
   AllocTRES=cpu=1,mem=64G,node=1,billing=9961,gres/gpu=1
   Socks/Node=* NtasksPerN:B:S:C=0:0:*:* CoreSpec=*
   MinCPUsNode=1 MinMemoryNode=64G MinTmpDiskNode=0
   Features=[intel14|intel16|intel18|(amr|acm)|nvf|nal|nif] DelayBoot=00:00:00
   OverSubscribe=OK Contiguous=0 Licenses=(null) Network=(null)
   Command=/mnt/gs21/scratch/lellaom/narrative_theme_identification/code/itr5_250/job_script_tm.sh
   WorkDir=/mnt/gs21/scratch/lellaom/narrative_theme_identification/code/itr5_250
   Comment=stdout=/mnt/gs21/scratch/lellaom/narrative_theme_identification/code/itr5_250/tm_5.out 
   StdErr=/mnt/gs21/scratch/lellaom/narrative_theme_identification/code/itr5_250/tm_5.err
   StdIn=/dev/null
   StdOut=/mnt/gs21/scratch/lellaom/narrative_theme_identification/code/itr5_250/tm_5.out
   Power=
   TresPerJob=gres:gpu:v100:1
   MailUser=lellaom@msu.edu MailType=INVALID_DEPEND,BEGIN,END,FAIL,REQUEUE,STAGE_OUT
   


SLURM Job ID: 45035251
WrkDir=/mnt/gs21/scratch/lellaom/narrative_theme_identification/code/itr5_250
=========================================================================================================
          JobID |            45035251 |      45035251.batch |     45035251.extern |          45035251.0 |
        JobName |                tm_5 |               batch |              extern |              python |
           User |             lellaom |                     |                     |                     |
       NodeList |             nvl-001 |             nvl-001 |             nvl-001 |             nvl-001 |
         NNodes |                   1 |                   1 |                   1 |                   1 |
         NTasks |                     |                   1 |                   1 |                   1 |
          NCPUS |                   1 |                   1 |                   1 |                   1 |
      AllocGRES |               gpu=1 |               gpu=1 |               gpu=1 |               gpu=1 |
         ReqMem |                 64G |                     |                     |                     |
      Timelimit |            01:30:00 |                     |                     |                     |
        Elapsed |            01:21:55 |            01:21:55 |            01:21:55 |            01:21:50 |
       TotalCPU |            01:21:21 |            00:00:03 |            00:00:00 |            01:21:21 |
     AveCPULoad |            0.993082 |         0.000610376 |                     |            0.994094 |
         MaxRSS |                     |               7952K |                100K |           32699332K |
      MaxVMSize |                     |               8520K |                100K |           32720196K |
          Start | 2024-10-20T21:27:07 | 2024-10-20T21:27:07 | 2024-10-20T21:27:07 | 2024-10-20T21:27:11 |
            End |             Unknown |             Unknown |             Unknown | 2024-10-20T22:49:01 |
       ExitCode |                 0:0 |                 0:0 |                 0:0 |                 0:0 |
          State |             RUNNING |             RUNNING |             RUNNING |           COMPLETED |
=========================================================================================================
