JobId=45069378 JobName=gl_4
   UserId=lellaom(6188124) GroupId=adv(2490) MCS_label=N/A
   Priority=6367 Nice=0 Account=general QOS=lellaom
   JobState=RUNNING Reason=None Dependency=(null)
   Requeue=1 Restarts=0 BatchFlag=1 Reboot=0 ExitCode=0:0
   RunTime=00:21:18 TimeLimit=01:00:00 TimeMin=N/A
   SubmitTime=2024-10-21T18:12:23 EligibleTime=2024-10-21T18:12:23
   AccrueTime=2024-10-21T18:12:23
   StartTime=2024-10-21T18:17:55 EndTime=2024-10-21T19:17:55 Deadline=N/A
   SuspendTime=None SecsPreSuspend=0 LastSchedEval=2024-10-21T18:17:55 Scheduler=Backfill
   Partition=general-short AllocNode:Sid=dev-amd20-v100:1976471
   ReqNodeList=(null) ExcNodeList=(null)
   NodeList=nvl-001
   BatchHost=nvl-001
   NumNodes=1 NumCPUs=1 NumTasks=1 CPUs/Task=1 ReqB:S:C:T=0:0:*:*
   ReqTRES=cpu=1,mem=64G,node=1,billing=9961,gres/gpu=1
   AllocTRES=cpu=1,mem=64G,node=1,billing=9961,gres/gpu=1
   Socks/Node=* NtasksPerN:B:S:C=0:0:*:* CoreSpec=*
   MinCPUsNode=1 MinMemoryNode=64G MinTmpDiskNode=0
   Features=[intel14|intel16|intel18|(amr|acm)|nvf|nal|nif] DelayBoot=00:00:00
   OverSubscribe=OK Contiguous=0 Licenses=(null) Network=(null)
   Command=/mnt/gs21/scratch/lellaom/narrative_theme_identification/code/itr4_200/job_script_gl.sh
   WorkDir=/mnt/gs21/scratch/lellaom/narrative_theme_identification/code/itr4_200
   Comment=stdout=/mnt/gs21/scratch/lellaom/narrative_theme_identification/code/itr4_200/gl_4.out 
   StdErr=/mnt/gs21/scratch/lellaom/narrative_theme_identification/code/itr4_200/gl_4.err
   StdIn=/dev/null
   StdOut=/mnt/gs21/scratch/lellaom/narrative_theme_identification/code/itr4_200/gl_4.out
   Power=
   TresPerJob=gres:gpu:v100:1
   MailUser=lellaom@msu.edu MailType=INVALID_DEPEND,BEGIN,END,FAIL,REQUEUE,STAGE_OUT
   


SLURM Job ID: 45069378
WrkDir=/mnt/gs21/scratch/lellaom/narrative_theme_identification/code/itr4_200
=========================================================================================================
          JobID |            45069378 |      45069378.batch |     45069378.extern |          45069378.0 |
        JobName |                gl_4 |               batch |              extern |              python |
           User |             lellaom |                     |                     |                     |
       NodeList |             nvl-001 |             nvl-001 |             nvl-001 |             nvl-001 |
         NNodes |                   1 |                   1 |                   1 |                   1 |
         NTasks |                     |                   1 |                   1 |                   1 |
          NCPUS |                   1 |                   1 |                   1 |                   1 |
      AllocGRES |               gpu=1 |               gpu=1 |               gpu=1 |               gpu=1 |
         ReqMem |                 64G |                     |                     |                     |
      Timelimit |            01:00:00 |                     |                     |                     |
        Elapsed |            00:21:19 |            00:21:19 |            00:21:19 |            00:21:15 |
       TotalCPU |            00:00:00 |            00:00:03 |            00:00:00 |            00:00:00 |
     AveCPULoad |                     |          0.00234558 |                     |                     |
         MaxRSS |                     |               7952K |                100K |                     |
      MaxVMSize |                     |               7952K |                100K |                     |
          Start | 2024-10-21T18:17:55 | 2024-10-21T18:17:55 | 2024-10-21T18:17:55 | 2024-10-21T18:17:59 |
            End |             Unknown |             Unknown |             Unknown |             Unknown |
       ExitCode |                 0:0 |                 0:0 |                 0:0 |                 0:0 |
          State |             RUNNING |             RUNNING |             RUNNING |             RUNNING |
=========================================================================================================
