JobId=45069519 JobName=gl_8
   UserId=lellaom(6188124) GroupId=adv(2490) MCS_label=N/A
   Priority=5673 Nice=0 Account=general QOS=lellaom
   JobState=RUNNING Reason=None Dependency=(null)
   Requeue=1 Restarts=0 BatchFlag=1 Reboot=0 ExitCode=0:0
   RunTime=00:12:05 TimeLimit=01:00:00 TimeMin=N/A
   SubmitTime=2024-10-21T18:29:23 EligibleTime=2024-10-21T18:29:23
   AccrueTime=2024-10-21T18:29:23
   StartTime=2024-10-21T18:31:35 EndTime=2024-10-21T19:31:35 Deadline=N/A
   SuspendTime=None SecsPreSuspend=0 LastSchedEval=2024-10-21T18:31:35 Scheduler=Backfill
   Partition=general-short AllocNode:Sid=dev-amd20-v100:1976471
   ReqNodeList=(null) ExcNodeList=(null)
   NodeList=nvl-003
   BatchHost=nvl-003
   NumNodes=1 NumCPUs=1 NumTasks=1 CPUs/Task=1 ReqB:S:C:T=0:0:*:*
   ReqTRES=cpu=1,mem=64G,node=1,billing=9961,gres/gpu=1
   AllocTRES=cpu=1,mem=64G,node=1,billing=9961,gres/gpu=1
   Socks/Node=* NtasksPerN:B:S:C=0:0:*:* CoreSpec=*
   MinCPUsNode=1 MinMemoryNode=64G MinTmpDiskNode=0
   Features=[intel14|intel16|intel18|(amr|acm)|nvf|nal|nif] DelayBoot=00:00:00
   OverSubscribe=OK Contiguous=0 Licenses=(null) Network=(null)
   Command=/mnt/gs21/scratch/lellaom/narrative_theme_identification/code/itr8_400/job_script_gl.sh
   WorkDir=/mnt/gs21/scratch/lellaom/narrative_theme_identification/code/itr8_400
   Comment=stdout=/mnt/gs21/scratch/lellaom/narrative_theme_identification/code/itr8_400/gl_8.out 
   StdErr=/mnt/gs21/scratch/lellaom/narrative_theme_identification/code/itr8_400/gl_8.err
   StdIn=/dev/null
   StdOut=/mnt/gs21/scratch/lellaom/narrative_theme_identification/code/itr8_400/gl_8.out
   Power=
   TresPerJob=gres:gpu:v100:1
   MailUser=lellaom@msu.edu MailType=INVALID_DEPEND,BEGIN,END,FAIL,REQUEUE,STAGE_OUT
   


SLURM Job ID: 45069519
WrkDir=/mnt/gs21/scratch/lellaom/narrative_theme_identification/code/itr8_400
=========================================================================================================
          JobID |            45069519 |      45069519.batch |     45069519.extern |          45069519.0 |
        JobName |                gl_8 |               batch |              extern |              python |
           User |             lellaom |                     |                     |                     |
       NodeList |             nvl-003 |             nvl-003 |             nvl-003 |             nvl-003 |
         NNodes |                   1 |                   1 |                   1 |                   1 |
         NTasks |                     |                   1 |                   1 |                   1 |
          NCPUS |                   1 |                   1 |                   1 |                   1 |
      AllocGRES |               gpu=1 |               gpu=1 |               gpu=1 |               gpu=1 |
         ReqMem |                 64G |                     |                     |                     |
      Timelimit |            01:00:00 |                     |                     |                     |
        Elapsed |            00:12:06 |            00:12:06 |            00:12:06 |            00:11:58 |
       TotalCPU |           11:29.791 |            00:00:03 |            00:00:00 |           11:29.791 |
     AveCPULoad |            0.950125 |          0.00413223 |                     |            0.960712 |
         MaxRSS |                     |               7928K |                 96K |            2477624K |
      MaxVMSize |                     |               9972K |                 96K |           16791252K |
          Start | 2024-10-21T18:31:35 | 2024-10-21T18:31:35 | 2024-10-21T18:31:35 | 2024-10-21T18:31:42 |
            End |             Unknown |             Unknown |             Unknown | 2024-10-21T18:43:40 |
       ExitCode |                 0:0 |                 0:0 |                 0:0 |                 1:0 |
          State |             RUNNING |             RUNNING |             RUNNING |              FAILED |
=========================================================================================================
