JobId=45069486 JobName=gl_7
   UserId=lellaom(6188124) GroupId=adv(2490) MCS_label=N/A
   Priority=5676 Nice=0 Account=general QOS=lellaom
   JobState=RUNNING Reason=None Dependency=(null)
   Requeue=1 Restarts=0 BatchFlag=1 Reboot=0 ExitCode=0:0
   RunTime=00:13:22 TimeLimit=01:00:00 TimeMin=N/A
   SubmitTime=2024-10-21T18:26:35 EligibleTime=2024-10-21T18:26:35
   AccrueTime=2024-10-21T18:26:35
   StartTime=2024-10-21T18:31:35 EndTime=2024-10-21T19:31:35 Deadline=N/A
   SuspendTime=None SecsPreSuspend=0 LastSchedEval=2024-10-21T18:31:35 Scheduler=Backfill
   Partition=general-short AllocNode:Sid=dev-amd20-v100:1976471
   ReqNodeList=(null) ExcNodeList=(null)
   NodeList=nvl-002
   BatchHost=nvl-002
   NumNodes=1 NumCPUs=1 NumTasks=1 CPUs/Task=1 ReqB:S:C:T=0:0:*:*
   ReqTRES=cpu=1,mem=64G,node=1,billing=9961,gres/gpu=1
   AllocTRES=cpu=1,mem=64G,node=1,billing=9961,gres/gpu=1
   Socks/Node=* NtasksPerN:B:S:C=0:0:*:* CoreSpec=*
   MinCPUsNode=1 MinMemoryNode=64G MinTmpDiskNode=0
   Features=[intel14|intel16|intel18|(amr|acm)|nvf|nal|nif] DelayBoot=00:00:00
   OverSubscribe=OK Contiguous=0 Licenses=(null) Network=(null)
   Command=/mnt/gs21/scratch/lellaom/narrative_theme_identification/code/itr7_350/job_script_gl.sh
   WorkDir=/mnt/gs21/scratch/lellaom/narrative_theme_identification/code/itr7_350
   Comment=stdout=/mnt/gs21/scratch/lellaom/narrative_theme_identification/code/itr7_350/gl_7.out 
   StdErr=/mnt/gs21/scratch/lellaom/narrative_theme_identification/code/itr7_350/gl_7.err
   StdIn=/dev/null
   StdOut=/mnt/gs21/scratch/lellaom/narrative_theme_identification/code/itr7_350/gl_7.out
   Power=
   TresPerJob=gres:gpu:v100:1
   MailUser=lellaom@msu.edu MailType=INVALID_DEPEND,BEGIN,END,FAIL,REQUEUE,STAGE_OUT
   


SLURM Job ID: 45069486
WrkDir=/mnt/gs21/scratch/lellaom/narrative_theme_identification/code/itr7_350
=========================================================================================================
          JobID |            45069486 |      45069486.batch |     45069486.extern |          45069486.0 |
        JobName |                gl_7 |               batch |              extern |              python |
           User |             lellaom |                     |                     |                     |
       NodeList |             nvl-002 |             nvl-002 |             nvl-002 |             nvl-002 |
         NNodes |                   1 |                   1 |                   1 |                   1 |
         NTasks |                     |                   1 |                   1 |                   1 |
          NCPUS |                   1 |                   1 |                   1 |                   1 |
      AllocGRES |               gpu=1 |               gpu=1 |               gpu=1 |               gpu=1 |
         ReqMem |                 64G |                     |                     |                     |
      Timelimit |            01:00:00 |                     |                     |                     |
        Elapsed |            00:13:23 |            00:13:23 |            00:13:23 |            00:13:15 |
       TotalCPU |           12:46.215 |            00:00:03 |            00:00:00 |           12:46.215 |
     AveCPULoad |            0.954191 |          0.00373599 |                     |            0.963792 |
         MaxRSS |                     |               7928K |                 92K |            2821040K |
      MaxVMSize |                     |              10548K |                 92K |           17288540K |
          Start | 2024-10-21T18:31:35 | 2024-10-21T18:31:35 | 2024-10-21T18:31:35 | 2024-10-21T18:31:42 |
            End |             Unknown |             Unknown |             Unknown | 2024-10-21T18:44:57 |
       ExitCode |                 0:0 |                 0:0 |                 0:0 |                 1:0 |
          State |             RUNNING |             RUNNING |             RUNNING |              FAILED |
=========================================================================================================
