JobId=45069535 JobName=gl_9
   UserId=lellaom(6188124) GroupId=adv(2490) MCS_label=N/A
   Priority=5375 Nice=0 Account=general QOS=lellaom
   JobState=RUNNING Reason=None Dependency=(null)
   Requeue=1 Restarts=0 BatchFlag=1 Reboot=0 ExitCode=0:0
   RunTime=00:10:40 TimeLimit=01:00:00 TimeMin=N/A
   SubmitTime=2024-10-21T18:31:34 EligibleTime=2024-10-21T18:31:34
   AccrueTime=2024-10-21T18:31:34
   StartTime=2024-10-21T18:35:51 EndTime=2024-10-21T19:35:51 Deadline=N/A
   SuspendTime=None SecsPreSuspend=0 LastSchedEval=2024-10-21T18:35:51 Scheduler=Backfill
   Partition=general-short AllocNode:Sid=dev-amd20-v100:1976471
   ReqNodeList=(null) ExcNodeList=(null)
   NodeList=nvl-004
   BatchHost=nvl-004
   NumNodes=1 NumCPUs=1 NumTasks=1 CPUs/Task=1 ReqB:S:C:T=0:0:*:*
   ReqTRES=cpu=1,mem=64G,node=1,billing=9961,gres/gpu=1
   AllocTRES=cpu=1,mem=64G,node=1,billing=9961,gres/gpu=1
   Socks/Node=* NtasksPerN:B:S:C=0:0:*:* CoreSpec=*
   MinCPUsNode=1 MinMemoryNode=64G MinTmpDiskNode=0
   Features=[intel14|intel16|intel18|(amr|acm)|nvf|nal|nif] DelayBoot=00:00:00
   OverSubscribe=OK Contiguous=0 Licenses=(null) Network=(null)
   Command=/mnt/gs21/scratch/lellaom/narrative_theme_identification/code/itr9_450/job_script_gl.sh
   WorkDir=/mnt/gs21/scratch/lellaom/narrative_theme_identification/code/itr9_450
   Comment=stdout=/mnt/gs21/scratch/lellaom/narrative_theme_identification/code/itr9_450/gl_9.out 
   StdErr=/mnt/gs21/scratch/lellaom/narrative_theme_identification/code/itr9_450/gl_9.err
   StdIn=/dev/null
   StdOut=/mnt/gs21/scratch/lellaom/narrative_theme_identification/code/itr9_450/gl_9.out
   Power=
   TresPerJob=gres:gpu:v100:1
   MailUser=lellaom@msu.edu MailType=INVALID_DEPEND,BEGIN,END,FAIL,REQUEUE,STAGE_OUT
   


SLURM Job ID: 45069535
WrkDir=/mnt/gs21/scratch/lellaom/narrative_theme_identification/code/itr9_450
=========================================================================================================
          JobID |            45069535 |      45069535.batch |     45069535.extern |          45069535.0 |
        JobName |                gl_9 |               batch |              extern |              python |
           User |             lellaom |                     |                     |                     |
       NodeList |             nvl-004 |             nvl-004 |             nvl-004 |             nvl-004 |
         NNodes |                   1 |                   1 |                   1 |                   1 |
         NTasks |                     |                   1 |                   1 |                   1 |
          NCPUS |                   1 |                   1 |                   1 |                   1 |
      AllocGRES |               gpu=1 |               gpu=1 |               gpu=1 |               gpu=1 |
         ReqMem |                 64G |                     |                     |                     |
      Timelimit |            01:00:00 |                     |                     |                     |
        Elapsed |            00:10:40 |            00:10:40 |            00:10:40 |            00:10:34 |
       TotalCPU |           10:12.512 |            00:00:03 |            00:00:00 |           10:12.512 |
     AveCPULoad |             0.95705 |           0.0046875 |                     |            0.966107 |
         MaxRSS |                     |               7920K |                 96K |            2620972K |
      MaxVMSize |                     |              14264K |                 96K |           17061216K |
          Start | 2024-10-21T18:35:51 | 2024-10-21T18:35:51 | 2024-10-21T18:35:51 | 2024-10-21T18:35:57 |
            End |             Unknown |             Unknown |             Unknown | 2024-10-21T18:46:31 |
       ExitCode |                 0:0 |                 0:0 |                 0:0 |                 1:0 |
          State |             RUNNING |             RUNNING |             RUNNING |              FAILED |
=========================================================================================================
