JobId=45069554 JobName=gl_10
   UserId=lellaom(6188124) GroupId=adv(2490) MCS_label=N/A
   Priority=5084 Nice=0 Account=general QOS=lellaom
   JobState=RUNNING Reason=None Dependency=(null)
   Requeue=1 Restarts=0 BatchFlag=1 Reboot=0 ExitCode=0:0
   RunTime=00:09:13 TimeLimit=01:00:00 TimeMin=N/A
   SubmitTime=2024-10-21T18:33:41 EligibleTime=2024-10-21T18:33:41
   AccrueTime=2024-10-21T18:33:41
   StartTime=2024-10-21T18:44:03 EndTime=2024-10-21T19:44:03 Deadline=N/A
   SuspendTime=None SecsPreSuspend=0 LastSchedEval=2024-10-21T18:44:03 Scheduler=Backfill
   Partition=general-short AllocNode:Sid=dev-amd20-v100:1976471
   ReqNodeList=(null) ExcNodeList=(null)
   NodeList=nvl-001
   BatchHost=nvl-001
   NumNodes=1 NumCPUs=1 NumTasks=1 CPUs/Task=1 ReqB:S:C:T=0:0:*:*
   ReqTRES=cpu=1,mem=64G,node=1,billing=9961,gres/gpu=1
   AllocTRES=cpu=1,mem=64G,node=1,billing=9961,gres/gpu=1
   Socks/Node=* NtasksPerN:B:S:C=0:0:*:* CoreSpec=*
   MinCPUsNode=1 MinMemoryNode=64G MinTmpDiskNode=0
   Features=[intel14|intel16|intel18|(amr|acm)|nvf|nal|nif] DelayBoot=00:00:00
   OverSubscribe=OK Contiguous=0 Licenses=(null) Network=(null)
   Command=/mnt/gs21/scratch/lellaom/narrative_theme_identification/code/itr10_500/job_script_gl.sh
   WorkDir=/mnt/gs21/scratch/lellaom/narrative_theme_identification/code/itr10_500
   Comment=stdout=/mnt/gs21/scratch/lellaom/narrative_theme_identification/code/itr10_500/gl_10.out 
   StdErr=/mnt/gs21/scratch/lellaom/narrative_theme_identification/code/itr10_500/gl_10.err
   StdIn=/dev/null
   StdOut=/mnt/gs21/scratch/lellaom/narrative_theme_identification/code/itr10_500/gl_10.out
   Power=
   TresPerJob=gres:gpu:v100:1
   MailUser=lellaom@msu.edu MailType=INVALID_DEPEND,BEGIN,END,FAIL,REQUEUE,STAGE_OUT
   


SLURM Job ID: 45069554
WrkDir=/mnt/gs21/scratch/lellaom/narrative_theme_identification/code/itr10_500
=========================================================================================================
          JobID |            45069554 |      45069554.batch |     45069554.extern |          45069554.0 |
        JobName |               gl_10 |               batch |              extern |              python |
           User |             lellaom |                     |                     |                     |
       NodeList |             nvl-001 |             nvl-001 |             nvl-001 |             nvl-001 |
         NNodes |                   1 |                   1 |                   1 |                   1 |
         NTasks |                     |                   1 |                   1 |                   1 |
          NCPUS |                   1 |                   1 |                   1 |                   1 |
      AllocGRES |               gpu=1 |               gpu=1 |               gpu=1 |               gpu=1 |
         ReqMem |                 64G |                     |                     |                     |
      Timelimit |            01:00:00 |                     |                     |                     |
        Elapsed |            00:09:13 |            00:09:13 |            00:09:13 |            00:09:07 |
       TotalCPU |           09:02.617 |            00:00:03 |            00:00:00 |           09:02.617 |
     AveCPULoad |            0.981224 |          0.00542495 |                     |            0.991987 |
         MaxRSS |                     |               7928K |                 92K |            2665392K |
      MaxVMSize |                     |               7928K |                 92K |            2883928K |
          Start | 2024-10-21T18:44:03 | 2024-10-21T18:44:03 | 2024-10-21T18:44:03 | 2024-10-21T18:44:09 |
            End |             Unknown |             Unknown |             Unknown | 2024-10-21T18:53:16 |
       ExitCode |                 0:0 |                 0:0 |                 0:0 |                 1:0 |
          State |             RUNNING |             RUNNING |             RUNNING |              FAILED |
=========================================================================================================
