JobId=45035439 JobName=tm_10
   UserId=lellaom(6188124) GroupId=adv(2490) MCS_label=N/A
   Priority=18986 Nice=0 Account=general QOS=lellaom
   JobState=RUNNING Reason=None Dependency=(null)
   Requeue=1 Restarts=0 BatchFlag=1 Reboot=0 ExitCode=0:0
   RunTime=01:27:59 TimeLimit=01:30:00 TimeMin=N/A
   SubmitTime=2024-10-20T21:37:23 EligibleTime=2024-10-20T21:37:23
   AccrueTime=2024-10-20T21:37:23
   StartTime=2024-10-20T21:37:54 EndTime=2024-10-20T23:07:54 Deadline=N/A
   SuspendTime=None SecsPreSuspend=0 LastSchedEval=2024-10-20T21:37:54 Scheduler=Backfill
   Partition=general-long-gpu AllocNode:Sid=dev-amd20-v100:2075223
   ReqNodeList=(null) ExcNodeList=(null)
   NodeList=nvl-007
   BatchHost=nvl-007
   NumNodes=1 NumCPUs=1 NumTasks=1 CPUs/Task=1 ReqB:S:C:T=0:0:*:*
   ReqTRES=cpu=1,mem=64G,node=1,billing=9961,gres/gpu=1
   AllocTRES=cpu=1,mem=64G,node=1,billing=9961,gres/gpu=1
   Socks/Node=* NtasksPerN:B:S:C=0:0:*:* CoreSpec=*
   MinCPUsNode=1 MinMemoryNode=64G MinTmpDiskNode=0
   Features=[intel14|intel16|intel18|(amr|acm)|nvf|nal|nif] DelayBoot=00:00:00
   OverSubscribe=OK Contiguous=0 Licenses=(null) Network=(null)
   Command=/mnt/gs21/scratch/lellaom/narrative_theme_identification/code/itr10_500/job_script_tm.sh
   WorkDir=/mnt/gs21/scratch/lellaom/narrative_theme_identification/code/itr10_500
   Comment=stdout=/mnt/gs21/scratch/lellaom/narrative_theme_identification/code/itr10_500/tm_10.out 
   StdErr=/mnt/gs21/scratch/lellaom/narrative_theme_identification/code/itr10_500/tm_10.err
   StdIn=/dev/null
   StdOut=/mnt/gs21/scratch/lellaom/narrative_theme_identification/code/itr10_500/tm_10.out
   Power=
   TresPerJob=gres:gpu:v100:1
   MailUser=lellaom@msu.edu MailType=INVALID_DEPEND,BEGIN,END,FAIL,REQUEUE,STAGE_OUT
   


SLURM Job ID: 45035439
WrkDir=/mnt/gs21/scratch/lellaom/narrative_theme_identification/code/itr10_500
=========================================================================================================
          JobID |            45035439 |      45035439.batch |     45035439.extern |          45035439.0 |
        JobName |               tm_10 |               batch |              extern |              python |
           User |             lellaom |                     |                     |                     |
       NodeList |             nvl-007 |             nvl-007 |             nvl-007 |             nvl-007 |
         NNodes |                   1 |                   1 |                   1 |                   1 |
         NTasks |                     |                   1 |                   1 |                   1 |
          NCPUS |                   1 |                   1 |                   1 |                   1 |
      AllocGRES |               gpu=1 |               gpu=1 |               gpu=1 |               gpu=1 |
         ReqMem |                 64G |                     |                     |                     |
      Timelimit |            01:30:00 |                     |                     |                     |
        Elapsed |            01:27:59 |            01:27:59 |            01:27:59 |            01:27:53 |
       TotalCPU |            01:25:58 |            00:00:03 |            00:00:00 |            01:25:58 |
     AveCPULoad |            0.977079 |         0.000568289 |                     |            0.978191 |
         MaxRSS |                     |               7948K |                100K |           34572736K |
      MaxVMSize |                     |               9336K |                100K |           34674636K |
          Start | 2024-10-20T21:37:54 | 2024-10-20T21:37:54 | 2024-10-20T21:37:54 | 2024-10-20T21:38:00 |
            End |             Unknown |             Unknown |             Unknown | 2024-10-20T23:05:53 |
       ExitCode |                 0:0 |                 0:0 |                 0:0 |                 0:0 |
          State |             RUNNING |             RUNNING |             RUNNING |           COMPLETED |
=========================================================================================================
