JobId=45069364 JobName=gl_3
   UserId=lellaom(6188124) GroupId=adv(2490) MCS_label=N/A
   Priority=6446 Nice=0 Account=general QOS=lellaom
   JobState=RUNNING Reason=None Dependency=(null)
   Requeue=1 Restarts=0 BatchFlag=1 Reboot=0 ExitCode=0:0
   RunTime=00:27:06 TimeLimit=01:00:00 TimeMin=N/A
   SubmitTime=2024-10-21T18:08:23 EligibleTime=2024-10-21T18:08:23
   AccrueTime=2024-10-21T18:08:23
   StartTime=2024-10-21T18:13:44 EndTime=2024-10-21T19:13:44 Deadline=N/A
   SuspendTime=None SecsPreSuspend=0 LastSchedEval=2024-10-21T18:13:44 Scheduler=Backfill
   Partition=general-short AllocNode:Sid=dev-amd20-v100:1976471
   ReqNodeList=(null) ExcNodeList=(null)
   NodeList=nvl-001
   BatchHost=nvl-001
   NumNodes=1 NumCPUs=1 NumTasks=1 CPUs/Task=1 ReqB:S:C:T=0:0:*:*
   ReqTRES=cpu=1,mem=64G,node=1,billing=9961,gres/gpu=1
   AllocTRES=cpu=1,mem=64G,node=1,billing=9961,gres/gpu=1
   Socks/Node=* NtasksPerN:B:S:C=0:0:*:* CoreSpec=*
   MinCPUsNode=1 MinMemoryNode=64G MinTmpDiskNode=0
   Features=[intel14|intel16|intel18|(amr|acm)|nvf|nal|nif] DelayBoot=00:00:00
   OverSubscribe=OK Contiguous=0 Licenses=(null) Network=(null)
   Command=/mnt/gs21/scratch/lellaom/narrative_theme_identification/code/itr3_150/job_script_gl.sh
   WorkDir=/mnt/gs21/scratch/lellaom/narrative_theme_identification/code/itr3_150
   Comment=stdout=/mnt/gs21/scratch/lellaom/narrative_theme_identification/code/itr3_150/gl_3.out 
   StdErr=/mnt/gs21/scratch/lellaom/narrative_theme_identification/code/itr3_150/gl_3.err
   StdIn=/dev/null
   StdOut=/mnt/gs21/scratch/lellaom/narrative_theme_identification/code/itr3_150/gl_3.out
   Power=
   TresPerJob=gres:gpu:v100:1
   MailUser=lellaom@msu.edu MailType=INVALID_DEPEND,BEGIN,END,FAIL,REQUEUE,STAGE_OUT
   


SLURM Job ID: 45069364
WrkDir=/mnt/gs21/scratch/lellaom/narrative_theme_identification/code/itr3_150
=========================================================================================================
          JobID |            45069364 |      45069364.batch |     45069364.extern |          45069364.0 |
        JobName |                gl_3 |               batch |              extern |              python |
           User |             lellaom |                     |                     |                     |
       NodeList |             nvl-001 |             nvl-001 |             nvl-001 |             nvl-001 |
         NNodes |                   1 |                   1 |                   1 |                   1 |
         NTasks |                     |                   1 |                   1 |                   1 |
          NCPUS |                   1 |                   1 |                   1 |                   1 |
      AllocGRES |               gpu=1 |               gpu=1 |               gpu=1 |               gpu=1 |
         ReqMem |                 64G |                     |                     |                     |
      Timelimit |            01:00:00 |                     |                     |                     |
        Elapsed |            00:27:07 |            00:27:07 |            00:27:07 |            00:26:57 |
       TotalCPU |           26:40.365 |            00:00:03 |            00:00:00 |           26:40.365 |
     AveCPULoad |            0.983629 |          0.00184388 |                     |            0.989712 |
         MaxRSS |                     |               7952K |                100K |            2489172K |
      MaxVMSize |                     |               8524K |                100K |           16724600K |
          Start | 2024-10-21T18:13:44 | 2024-10-21T18:13:44 | 2024-10-21T18:13:44 | 2024-10-21T18:13:53 |
            End |             Unknown |             Unknown |             Unknown | 2024-10-21T18:40:50 |
       ExitCode |                 0:0 |                 0:0 |                 0:0 |                 1:0 |
          State |             RUNNING |             RUNNING |             RUNNING |              FAILED |
=========================================================================================================
